<?xml version="1.0" encoding="UTF-8"?>
<!-- Generated by org.testng.reporters.JUnitXMLReporter -->
<testsuite hostname="HEMA-PC" ignored="0" name="Command line test" tests="3" failures="0" timestamp="10 Jul 2020 16:17:39 GMT" time="186.816" errors="0">
  <testcase name="TestStart" time="43.806" classname="CompaignTest.CreateCompainTest"/>
  <testcase name="TestStart" time="20.737" classname="ContactTest.CreateContactTest"/>
  <testcase name="TestStart" time="25.356" classname="OrganizationTest.CreateOrganizationTest"/>
</testsuite> <!-- Command line test -->
