<?xml version="1.0" encoding="UTF-8"?>
<testng-results skipped="0" failed="0" ignored="0" total="1" passed="1">
  <reporter-output>
  </reporter-output>
  <suite name="Default suite" duration-ms="48801" started-at="2020-07-08T13:48:50Z" finished-at="2020-07-08T13:49:39Z">
    <groups>
    </groups>
    <test name="Default test" duration-ms="48801" started-at="2020-07-08T13:48:50Z" finished-at="2020-07-08T13:49:39Z">
      <class name="ContactTest.CreateContactTest">
        <test-method status="PASS" signature="configBC()[pri:0, instance:ContactTest.CreateContactTest@1caeb3e]" name="configBC" is-config="true" duration-ms="6622" started-at="2020-07-08T13:48:50Z" finished-at="2020-07-08T13:48:57Z">
          <reporter-output>
          </reporter-output>
        </test-method> <!-- configBC -->
        <test-method status="PASS" signature="configBM()[pri:0, instance:ContactTest.CreateContactTest@1caeb3e]" name="configBM" is-config="true" duration-ms="12781" started-at="2020-07-08T13:48:57Z" finished-at="2020-07-08T13:49:10Z">
          <reporter-output>
          </reporter-output>
        </test-method> <!-- configBM -->
        <test-method status="PASS" signature="TestStart()[pri:0, instance:ContactTest.CreateContactTest@1caeb3e]" name="TestStart" duration-ms="23625" started-at="2020-07-08T13:49:10Z" finished-at="2020-07-08T13:49:33Z">
          <reporter-output>
          </reporter-output>
        </test-method> <!-- TestStart -->
        <test-method status="PASS" signature="configAM()[pri:0, instance:ContactTest.CreateContactTest@1caeb3e]" name="configAM" is-config="true" duration-ms="3349" started-at="2020-07-08T13:49:33Z" finished-at="2020-07-08T13:49:37Z">
          <reporter-output>
          </reporter-output>
        </test-method> <!-- configAM -->
        <test-method status="PASS" signature="configAC()[pri:0, instance:ContactTest.CreateContactTest@1caeb3e]" name="configAC" is-config="true" duration-ms="2341" started-at="2020-07-08T13:49:37Z" finished-at="2020-07-08T13:49:39Z">
          <reporter-output>
          </reporter-output>
        </test-method> <!-- configAC -->
      </class> <!-- ContactTest.CreateContactTest -->
    </test> <!-- Default test -->
  </suite> <!-- Default suite -->
</testng-results>
